<?xml version="1.0" encoding="UTF-8"?>
<testng-results ignored="0" total="11" passed="10" failed="1" skipped="0">
  <reporter-output>
  </reporter-output>
  <suite started-at="2022-12-28T16:14:18Z" name="Suite" finished-at="2022-12-28T16:14:47Z" duration-ms="28141">
    <groups>
      <group name="ABC">
        <method signature="groupsConcept2.method1()[pri:0, instance:test.groupsConcept2@14fa86ae]" name="method1" class="test.groupsConcept2"/>
      </group> <!-- ABC -->
      <group name="Sanity">
        <method signature="groupsConcept2.method2()[pri:0, instance:test.groupsConcept2@14fa86ae]" name="method2" class="test.groupsConcept2"/>
        <method signature="groupsConcept2.method5()[pri:0, instance:test.groupsConcept2@14fa86ae]" name="method5" class="test.groupsConcept2"/>
      </group> <!-- Sanity -->
      <group name="Regression">
        <method signature="groupsConcept2.method10()[pri:0, instance:test.groupsConcept2@14fa86ae]" name="method10" class="test.groupsConcept2"/>
        <method signature="groupsConcept2.method11()[pri:0, instance:test.groupsConcept2@14fa86ae]" name="method11" class="test.groupsConcept2"/>
        <method signature="groupsConcept2.method4()[pri:0, instance:test.groupsConcept2@14fa86ae]" name="method4" class="test.groupsConcept2"/>
        <method signature="groupsConcept2.method7()[pri:0, instance:test.groupsConcept2@14fa86ae]" name="method7" class="test.groupsConcept2"/>
        <method signature="groupsConcept2.method8()[pri:0, instance:test.groupsConcept2@14fa86ae]" name="method8" class="test.groupsConcept2"/>
      </group> <!-- Regression -->
      <group name="Smoke">
        <method signature="groupsConcept2.method3()[pri:0, instance:test.groupsConcept2@14fa86ae]" name="method3" class="test.groupsConcept2"/>
        <method signature="groupsConcept2.method6()[pri:0, instance:test.groupsConcept2@14fa86ae]" name="method6" class="test.groupsConcept2"/>
        <method signature="groupsConcept2.method9()[pri:0, instance:test.groupsConcept2@14fa86ae]" name="method9" class="test.groupsConcept2"/>
      </group> <!-- Smoke -->
    </groups>
    <test started-at="2022-12-28T16:14:18Z" name="Test" finished-at="2022-12-28T16:14:47Z" duration-ms="28141">
      <class name="test.groupsConcept2">
        <test-method signature="method1()[pri:0, instance:test.groupsConcept2@14fa86ae]" started-at="2022-12-28T16:14:18Z" name="method1" finished-at="2022-12-28T16:14:47Z" duration-ms="28098" status="FAIL">
          <exception class="org.openqa.selenium.WebDriverException">
            <message>
              <![CDATA[java.net.ConnectException: Failed to connect to localhost/0:0:0:0:0:0:0:1:38711
Build info: version: '3.141.59', revision: 'e82be7d358', time: '2018-11-14T08:17:03'
System info: host: 'LAPTOP-4IH3I224', ip: '192.168.1.100', os.name: 'Windows 11', os.arch: 'amd64', os.version: '10.0', java.version: '11.0.15'
Driver info: driver.version: RemoteWebDriver]]>
            </message>
            <full-stacktrace>
              <![CDATA[org.openqa.selenium.WebDriverException: java.net.ConnectException: Failed to connect to localhost/0:0:0:0:0:0:0:1:38711
Build info: version: '3.141.59', revision: 'e82be7d358', time: '2018-11-14T08:17:03'
System info: host: 'LAPTOP-4IH3I224', ip: '192.168.1.100', os.name: 'Windows 11', os.arch: 'amd64', os.version: '10.0', java.version: '11.0.15'
Driver info: driver.version: RemoteWebDriver
at org.openqa.selenium.remote.service.DriverCommandExecutor.execute(DriverCommandExecutor.java:92)
at org.openqa.selenium.remote.RemoteWebDriver.execute(RemoteWebDriver.java:552)
at org.openqa.selenium.remote.RemoteWebDriver.execute(RemoteWebDriver.java:609)
at org.openqa.selenium.remote.RemoteWebDriver$RemoteWebDriverOptions$RemoteWindow.maximize(RemoteWebDriver.java:837)
at test.groupsConcept2.method1(groupsConcept2.java:26)
at java.base/jdk.internal.reflect.NativeMethodAccessorImpl.invoke0(Native Method)
at java.base/jdk.internal.reflect.NativeMethodAccessorImpl.invoke(NativeMethodAccessorImpl.java:62)
at java.base/jdk.internal.reflect.DelegatingMethodAccessorImpl.invoke(DelegatingMethodAccessorImpl.java:43)
at java.base/java.lang.reflect.Method.invoke(Method.java:566)
at org.testng.internal.MethodInvocationHelper.invokeMethod(MethodInvocationHelper.java:124)
at org.testng.internal.Invoker.invokeMethod(Invoker.java:583)
at org.testng.internal.Invoker.invokeTestMethod(Invoker.java:719)
at org.testng.internal.Invoker.invokeTestMethods(Invoker.java:989)
at org.testng.internal.TestMethodWorker.invokeTestMethods(TestMethodWorker.java:125)
at org.testng.internal.TestMethodWorker.run(TestMethodWorker.java:109)
at org.testng.TestRunner.privateRun(TestRunner.java:648)
at org.testng.TestRunner.run(TestRunner.java:505)
at org.testng.SuiteRunner.runTest(SuiteRunner.java:455)
at org.testng.SuiteRunner.runSequentially(SuiteRunner.java:450)
at org.testng.SuiteRunner.privateRun(SuiteRunner.java:415)
at org.testng.SuiteRunner.run(SuiteRunner.java:364)
at org.testng.SuiteRunnerWorker.runSuite(SuiteRunnerWorker.java:52)
at org.testng.SuiteRunnerWorker.run(SuiteRunnerWorker.java:84)
at org.testng.TestNG.runSuitesSequentially(TestNG.java:1208)
at org.testng.TestNG.runSuitesLocally(TestNG.java:1137)
at org.testng.TestNG.runSuites(TestNG.java:1049)
at org.testng.TestNG.run(TestNG.java:1017)
at org.apache.maven.surefire.testng.TestNGExecutor.run(TestNGExecutor.java:283)
at org.apache.maven.surefire.testng.TestNGXmlTestSuite.execute(TestNGXmlTestSuite.java:75)
at org.apache.maven.surefire.testng.TestNGProvider.invoke(TestNGProvider.java:120)
at org.apache.maven.surefire.booter.ForkedBooter.invokeProviderInSameClassLoader(ForkedBooter.java:384)
at org.apache.maven.surefire.booter.ForkedBooter.runSuitesInProcess(ForkedBooter.java:345)
at org.apache.maven.surefire.booter.ForkedBooter.execute(ForkedBooter.java:126)
at org.apache.maven.surefire.booter.ForkedBooter.main(ForkedBooter.java:418)
Caused by: java.net.ConnectException: Failed to connect to localhost/0:0:0:0:0:0:0:1:38711
at okhttp3.internal.connection.RealConnection.connectSocket(RealConnection.java:247)
at okhttp3.internal.connection.RealConnection.connect(RealConnection.java:165)
at okhttp3.internal.connection.StreamAllocation.findConnection(StreamAllocation.java:257)
at okhttp3.internal.connection.StreamAllocation.findHealthyConnection(StreamAllocation.java:135)
at okhttp3.internal.connection.StreamAllocation.newStream(StreamAllocation.java:114)
at okhttp3.internal.connection.ConnectInterceptor.intercept(ConnectInterceptor.java:42)
at okhttp3.internal.http.RealInterceptorChain.proceed(RealInterceptorChain.java:147)
at okhttp3.internal.http.RealInterceptorChain.proceed(RealInterceptorChain.java:121)
at okhttp3.internal.cache.CacheInterceptor.intercept(CacheInterceptor.java:93)
at okhttp3.internal.http.RealInterceptorChain.proceed(RealInterceptorChain.java:147)
at okhttp3.internal.http.RealInterceptorChain.proceed(RealInterceptorChain.java:121)
at okhttp3.internal.http.BridgeInterceptor.intercept(BridgeInterceptor.java:93)
at okhttp3.internal.http.RealInterceptorChain.proceed(RealInterceptorChain.java:147)
at okhttp3.internal.http.RetryAndFollowUpInterceptor.intercept(RetryAndFollowUpInterceptor.java:126)
at okhttp3.internal.http.RealInterceptorChain.proceed(RealInterceptorChain.java:147)
at okhttp3.internal.http.RealInterceptorChain.proceed(RealInterceptorChain.java:121)
at okhttp3.RealCall.getResponseWithInterceptorChain(RealCall.java:200)
at okhttp3.RealCall.execute(RealCall.java:77)
at org.openqa.selenium.remote.internal.OkHttpClient.execute(OkHttpClient.java:103)
at org.openqa.selenium.remote.HttpCommandExecutor.execute(HttpCommandExecutor.java:155)
at org.openqa.selenium.remote.service.DriverCommandExecutor.execute(DriverCommandExecutor.java:83)
... 33 more
Caused by: java.net.ConnectException: Connection refused: connect
at java.base/java.net.PlainSocketImpl.waitForConnect(Native Method)
at java.base/java.net.PlainSocketImpl.socketConnect(PlainSocketImpl.java:107)
at java.base/java.net.AbstractPlainSocketImpl.doConnect(AbstractPlainSocketImpl.java:412)
at java.base/java.net.AbstractPlainSocketImpl.connectToAddress(AbstractPlainSocketImpl.java:255)
at java.base/java.net.AbstractPlainSocketImpl.connect(AbstractPlainSocketImpl.java:237)
at java.base/java.net.SocksSocketImpl.connect(SocksSocketImpl.java:392)
at java.base/java.net.Socket.connect(Socket.java:609)
at okhttp3.internal.platform.Platform.connectSocket(Platform.java:129)
at okhttp3.internal.connection.RealConnection.connectSocket(RealConnection.java:245)
... 53 more
]]>
            </full-stacktrace>
          </exception> <!-- org.openqa.selenium.WebDriverException -->
          <reporter-output>
          </reporter-output>
        </test-method> <!-- method1 -->
        <test-method signature="method10()[pri:0, instance:test.groupsConcept2@14fa86ae]" started-at="2022-12-28T16:14:47Z" name="method10" finished-at="2022-12-28T16:14:47Z" duration-ms="1" status="PASS">
          <reporter-output>
          </reporter-output>
        </test-method> <!-- method10 -->
        <test-method signature="method11()[pri:0, instance:test.groupsConcept2@14fa86ae]" started-at="2022-12-28T16:14:47Z" name="method11" finished-at="2022-12-28T16:14:47Z" duration-ms="2" status="PASS">
          <reporter-output>
          </reporter-output>
        </test-method> <!-- method11 -->
        <test-method signature="method2()[pri:0, instance:test.groupsConcept2@14fa86ae]" started-at="2022-12-28T16:14:47Z" name="method2" finished-at="2022-12-28T16:14:47Z" duration-ms="1" status="PASS">
          <reporter-output>
          </reporter-output>
        </test-method> <!-- method2 -->
        <test-method signature="method3()[pri:0, instance:test.groupsConcept2@14fa86ae]" started-at="2022-12-28T16:14:47Z" name="method3" finished-at="2022-12-28T16:14:47Z" duration-ms="1" status="PASS">
          <reporter-output>
          </reporter-output>
        </test-method> <!-- method3 -->
        <test-method signature="method4()[pri:0, instance:test.groupsConcept2@14fa86ae]" started-at="2022-12-28T16:14:47Z" name="method4" finished-at="2022-12-28T16:14:47Z" duration-ms="1" status="PASS">
          <reporter-output>
          </reporter-output>
        </test-method> <!-- method4 -->
        <test-method signature="method5()[pri:0, instance:test.groupsConcept2@14fa86ae]" started-at="2022-12-28T16:14:47Z" name="method5" finished-at="2022-12-28T16:14:47Z" duration-ms="0" status="PASS">
          <reporter-output>
          </reporter-output>
        </test-method> <!-- method5 -->
        <test-method signature="method6()[pri:0, instance:test.groupsConcept2@14fa86ae]" started-at="2022-12-28T16:14:47Z" name="method6" finished-at="2022-12-28T16:14:47Z" duration-ms="0" status="PASS">
          <reporter-output>
          </reporter-output>
        </test-method> <!-- method6 -->
        <test-method signature="method7()[pri:0, instance:test.groupsConcept2@14fa86ae]" started-at="2022-12-28T16:14:47Z" name="method7" finished-at="2022-12-28T16:14:47Z" duration-ms="1" status="PASS">
          <reporter-output>
          </reporter-output>
        </test-method> <!-- method7 -->
        <test-method signature="method8()[pri:0, instance:test.groupsConcept2@14fa86ae]" started-at="2022-12-28T16:14:47Z" name="method8" finished-at="2022-12-28T16:14:47Z" duration-ms="0" status="PASS">
          <reporter-output>
          </reporter-output>
        </test-method> <!-- method8 -->
        <test-method signature="method9()[pri:0, instance:test.groupsConcept2@14fa86ae]" started-at="2022-12-28T16:14:47Z" name="method9" finished-at="2022-12-28T16:14:47Z" duration-ms="1" status="PASS">
          <reporter-output>
          </reporter-output>
        </test-method> <!-- method9 -->
      </class> <!-- test.groupsConcept2 -->
    </test> <!-- Test -->
  </suite> <!-- Suite -->
</testng-results>
